<?xml version="1.0" encoding="UTF-8"?>
<!-- Generated by org.testng.reporters.JUnitReportReporter -->
<testsuite hostname="DESKTOP-NPOGQ3C" failures="0" tests="3" name="MyTestCases" time="22.367" errors="0" timestamp="2024-11-22T13:27:08 EET" skipped="2">
  <testcase classname="MyTestCases" name="clickEvenNum" time="22.367"/>
  <system-out/>
  <testcase classname="MyTestCases" name="clickNumbers">
    <skipped/>
  </testcase> <!-- clickNumbers -->
  <system-out/>
  <testcase classname="MyTestCases" name="AddTowNum">
    <skipped/>
  </testcase> <!-- AddTowNum -->
  <system-out/>
</testsuite> <!-- MyTestCases -->
