<?xml version="1.0" encoding="UTF-8"?>
<!-- Generated by org.testng.reporters.JUnitReportReporter -->
<testsuite hostname="DESKTOP-NPOGQ3C" failures="0" tests="1" name="MyTestCases" time="21.053" errors="0" timestamp="2024-11-13T23:28:09 EET" skipped="0">
  <testcase classname="MyTestCases" name="myFirstTest" time="21.053"/>
  <system-out/>
</testsuite> <!-- MyTestCases -->
